\BOOKMARK [0][-]{part.1}{I\040Introduction}{}% 1
\BOOKMARK [0][-]{part.2}{II\040Development}{}% 2
\BOOKMARK [1][-]{section.1}{Overview}{part.2}% 3
\BOOKMARK [1][-]{section.2}{Implementative\040Solution\040}{part.2}% 4
\BOOKMARK [2][-]{subsection.2.1}{Low\040Level\040Logic}{section.2}% 5
\BOOKMARK [2][-]{subsection.2.2}{High\040Level\040Logic}{section.2}% 6
\BOOKMARK [2][-]{subsection.2.3}{Monte\040Carlo\040Learning\040Theory}{section.2}% 7
\BOOKMARK [2][-]{subsection.2.4}{Database\040Integration}{section.2}% 8
\BOOKMARK [3][-]{subsubsection.2.4.1}{\040R\040and\040Q\040tables}{subsection.2.4}% 9
\BOOKMARK [2][-]{subsection.2.5}{Unit\040Testing}{section.2}% 10
\BOOKMARK [3][-]{subsubsection.2.5.1}{Test\040Suite}{subsection.2.5}% 11
\BOOKMARK [3][-]{subsubsection.2.5.2}{TDD}{subsection.2.5}% 12
\BOOKMARK [2][-]{subsection.2.6}{Visualising\040Scenary}{section.2}% 13
\BOOKMARK [1][-]{section.3}{Results}{part.2}% 14
\BOOKMARK [2][-]{subsection.3.1}{Displaying\040an\040episode}{section.3}% 15
\BOOKMARK [2][-]{subsection.3.2}{Totally\040Greedy}{section.3}% 16
\BOOKMARK [2][-]{subsection.3.3}{P\040table}{section.3}% 17
\BOOKMARK [3][-]{subsubsection.3.3.1}{Simple\040Case}{subsection.3.3}% 18
\BOOKMARK [3][-]{subsubsection.3.3.2}{Moderate\040Case}{subsection.3.3}% 19
\BOOKMARK [3][-]{subsubsection.3.3.3}{Complex\040Case}{subsection.3.3}% 20
\BOOKMARK [1][-]{section.4}{Conclusions}{part.2}% 21
